c:\users\wk1\documents\documenti personali\projects\ags\uac\solutions\engine\engine\debug\vc140.pdb
c:\users\wk1\documents\documenti personali\projects\ags\uac\solutions\engine\engine\debug\vc140.idb
c:\users\wk1\documents\documenti personali\projects\ags\uac\solutions\engine\engine\debug\device_helper.obj
c:\users\wk1\documents\documenti personali\projects\ags\uac\solutions\engine\engine\debug\device_irr.obj
c:\users\wk1\documents\documenti personali\projects\ags\uac\solutions\engine\engine\debug\gfxdriver_irr.obj
c:\users\wk1\documents\documenti personali\projects\ags\uac\solutions\engine\engine\debug\engine.obj
c:\users\wk1\documents\documenti personali\projects\ags\uac\solutions\engine\engine\debug\main.obj
c:\users\wk1\documents\documenti personali\projects\ags\uac\solutions\engine\engine\debug\node_camera_irr.obj
c:\users\wk1\documents\documenti personali\projects\ags\uac\solutions\engine\engine\debug\node_irr.obj
c:\users\wk1\documents\documenti personali\projects\ags\uac\solutions\engine\engine\debug\node_light_irr.obj
c:\users\wk1\documents\documenti personali\projects\ags\uac\solutions\engine\engine\debug\node_mesh_irr.obj
c:\users\wk1\documents\documenti personali\projects\ags\uac\solutions\engine\engine\debug\node_scene_irr.obj
c:\users\wk1\documents\documenti personali\projects\ags\uac\solutions\engine\engine\debug\scene_helper.obj
c:\users\wk1\documents\documenti personali\projects\ags\uac\solutions\engine\engine\debug\scene_manager_irr.obj
c:\users\wk1\documents\documenti personali\projects\ags\uac\solutions\engine\engine\debug\scriptbuilder.obj
c:\users\wk1\documents\documenti personali\projects\ags\uac\solutions\engine\engine\debug\scriptstdstring.obj
c:\users\wk1\documents\documenti personali\projects\ags\uac\solutions\engine\engine\debug\script_as.obj
c:\users\wk1\documents\documenti personali\projects\ags\uac\solutions\engine\engine\debug\script_as_camera.obj
c:\users\wk1\documents\documenti personali\projects\ags\uac\solutions\engine\engine\debug\script_as_light.obj
c:\users\wk1\documents\documenti personali\projects\ags\uac\solutions\engine\engine\debug\script_as_mesh.obj
c:\users\wk1\documents\documenti personali\projects\ags\uac\solutions\engine\engine\debug\script_as_scene.obj
c:\users\wk1\documents\documenti personali\projects\ags\uac\solutions\engine\engine\debug\script_helper.obj
c:\users\wk1\documents\documenti personali\projects\ags\uac\solutions\engine\engine\debug\debug.obj
c:\users\wk1\documents\documenti personali\projects\ags\uac\solutions\bin\debug\engine.lib
c:\users\wk1\documents\documenti personali\projects\ags\uac\solutions\bin\debug\engine.exp
c:\users\wk1\documents\documenti personali\projects\ags\uac\solutions\bin\debug\engine.ilk
c:\users\wk1\documents\documenti personali\projects\ags\uac\solutions\bin\debug\engine.exe
c:\users\wk1\documents\documenti personali\projects\ags\uac\solutions\bin\debug\engine.pdb
c:\users\wk1\documents\documenti personali\projects\ags\uac\solutions\\bin\debug\engine.pdb
c:\users\wk1\documents\documenti personali\projects\ags\uac\solutions\\bin\debug\engine.exe
c:\users\wk1\documents\documenti personali\projects\ags\uac\solutions\\bin\debug\engine.ilk
c:\users\wk1\documents\documenti personali\projects\ags\uac\solutions\engine\engine\debug\engine.tlog\cl.command.1.tlog
c:\users\wk1\documents\documenti personali\projects\ags\uac\solutions\engine\engine\debug\engine.tlog\cl.read.1.tlog
c:\users\wk1\documents\documenti personali\projects\ags\uac\solutions\engine\engine\debug\engine.tlog\cl.write.1.tlog
c:\users\wk1\documents\documenti personali\projects\ags\uac\solutions\engine\engine\debug\engine.tlog\engine.write.1u.tlog
c:\users\wk1\documents\documenti personali\projects\ags\uac\solutions\engine\engine\debug\engine.tlog\link.command.1.tlog
c:\users\wk1\documents\documenti personali\projects\ags\uac\solutions\engine\engine\debug\engine.tlog\link.read.1.tlog
c:\users\wk1\documents\documenti personali\projects\ags\uac\solutions\engine\engine\debug\engine.tlog\link.write.1.tlog
